Using pre-set license
Built from '2021.3/staging' branch; Version is '2021.3.24f1 (cf10dcf7010d) revision 13570268'; Using compiler version '192829333'; Build Type 'Release'
OS: 'Windows 11  (10.0.22631) 64bit Core' Language: 'es' Physical Memory: 7832 MB
BatchMode: 1, IsHumanControllingUs: 0, StartBugReporterOnCrash: 0, Is64bit: 1, IsPro: 1

COMMAND LINE ARGUMENTS:
C:\Program Files\Unity\Hub\Editor\2021.3.24f1\Editor\Unity.exe
-adb2
-batchMode
-noUpm
-name
AssetImportWorker2
-projectPath
C:/Datos/Universidad/1er Año/1er Semestre/Programación/Proyectos Unity/Gwent Dovah Edition - Project
-logFile
Logs/AssetImportWorker2.log
-srvPort
56292
Successfully changed project path to: C:/Datos/Universidad/1er Año/1er Semestre/Programación/Proyectos Unity/Gwent Dovah Edition - Project
C:/Datos/Universidad/1er Año/1er Semestre/Programación/Proyectos Unity/Gwent Dovah Edition - Project
[UnityMemory] Configuration Parameters - Can be set up in boot.config
    "memorysetup-bucket-allocator-granularity=16"
    "memorysetup-bucket-allocator-bucket-count=8"
    "memorysetup-bucket-allocator-block-size=33554432"
    "memorysetup-bucket-allocator-block-count=8"
    "memorysetup-main-allocator-block-size=16777216"
    "memorysetup-thread-allocator-block-size=16777216"
    "memorysetup-gfx-main-allocator-block-size=16777216"
    "memorysetup-gfx-thread-allocator-block-size=16777216"
    "memorysetup-cache-allocator-block-size=4194304"
    "memorysetup-typetree-allocator-block-size=2097152"
    "memorysetup-profiler-bucket-allocator-granularity=16"
    "memorysetup-profiler-bucket-allocator-bucket-count=8"
    "memorysetup-profiler-bucket-allocator-block-size=33554432"
    "memorysetup-profiler-bucket-allocator-block-count=8"
    "memorysetup-profiler-allocator-block-size=16777216"
    "memorysetup-profiler-editor-allocator-block-size=1048576"
    "memorysetup-temp-allocator-size-main=16777216"
    "memorysetup-job-temp-allocator-block-size=2097152"
    "memorysetup-job-temp-allocator-block-size-background=1048576"
    "memorysetup-job-temp-allocator-reduction-small-platforms=262144"
    "memorysetup-temp-allocator-size-background-worker=32768"
    "memorysetup-temp-allocator-size-job-worker=262144"
    "memorysetup-temp-allocator-size-preload-manager=33554432"
    "memorysetup-temp-allocator-size-nav-mesh-worker=65536"
    "memorysetup-temp-allocator-size-audio-worker=65536"
    "memorysetup-temp-allocator-size-cloud-worker=32768"
    "memorysetup-temp-allocator-size-gi-baking-worker=262144"
    "memorysetup-temp-allocator-size-gfx=262144"
Player connection [19624] Host "[IP] 0.0.0.0 [Port] 0 [Flags] 2 [Guid] 3456486611 [EditorId] 3456486611 [Version] 1048832 [Id] WindowsEditor(7,DrewVictus) [Debug] 1 [PackageName] WindowsEditor [ProjectName] Editor" joined multi-casting on [225.0.0.222:54997]...

Player connection [19624] Host "[IP] 0.0.0.0 [Port] 0 [Flags] 2 [Guid] 3456486611 [EditorId] 3456486611 [Version] 1048832 [Id] WindowsEditor(7,DrewVictus) [Debug] 1 [PackageName] WindowsEditor [ProjectName] Editor" joined alternative multi-casting on [225.0.0.222:34997]...

Refreshing native plugins compatible for Editor in 112.04 ms, found 4 plugins.
Preloading 0 native plugins for Editor in 0.00 ms.
Initialize engine version: 2021.3.24f1 (cf10dcf7010d)
[Subsystems] Discovering subsystems at path C:/Program Files/Unity/Hub/Editor/2021.3.24f1/Editor/Data/Resources/UnitySubsystems
[Subsystems] Discovering subsystems at path C:/Datos/Universidad/1er Año/1er Semestre/Programación/Proyectos Unity/Gwent Dovah Edition - Project/Assets
GfxDevice: creating device client; threaded=0; jobified=0
Direct3D:
    Version:  Direct3D 11.0 [level 11.1]
    Renderer: NVIDIA GeForce RTX 3050 6GB Laptop GPU (ID=0x25ac)
    Vendor:   NVIDIA
    VRAM:     6017 MB
    Driver:   31.0.15.4680
Initialize mono
Mono path[0] = 'C:/Program Files/Unity/Hub/Editor/2021.3.24f1/Editor/Data/Managed'
Mono path[1] = 'C:/Program Files/Unity/Hub/Editor/2021.3.24f1/Editor/Data/MonoBleedingEdge/lib/mono/unityjit-win32'
Mono config path = 'C:/Program Files/Unity/Hub/Editor/2021.3.24f1/Editor/Data/MonoBleedingEdge/etc'
Using monoOptions --debugger-agent=transport=dt_socket,embedding=1,server=y,suspend=n,address=127.0.0.1:56144
Begin MonoManager ReloadAssembly
Registering precompiled unity dll's ...
Register platform support module: C:/Program Files/Unity/Hub/Editor/2021.3.24f1/Editor/Data/PlaybackEngines/WindowsStandaloneSupport/UnityEditor.WindowsStandalone.Extensions.dll
Registered in 0.002702 seconds.
Native extension for WindowsStandalone target not found
Refreshing native plugins compatible for Editor in 70.72 ms, found 4 plugins.
Preloading 0 native plugins for Editor in 0.00 ms.
Mono: successfully reloaded assembly
- Completed reload, in  0.768 seconds
Domain Reload Profiling:
	ReloadAssembly (769ms)
		BeginReloadAssembly (261ms)
			ExecutionOrderSort (0ms)
			DisableScriptedObjects (0ms)
			BackupInstance (0ms)
			ReleaseScriptingObjects (0ms)
			CreateAndSetChildDomain (1ms)
		EndReloadAssembly (433ms)
			LoadAssemblies (258ms)
			RebuildTransferFunctionScriptingTraits (0ms)
			SetupTypeCache (85ms)
			ReleaseScriptCaches (0ms)
			RebuildScriptCaches (19ms)
			SetupLoadedEditorAssemblies (288ms)
				LogAssemblyErrors (0ms)
				InitializePlatformSupportModulesInManaged (5ms)
				SetLoadedEditorAssemblies (0ms)
				RefreshPlugins (71ms)
				BeforeProcessingInitializeOnLoad (1ms)
				ProcessInitializeOnLoadAttributes (148ms)
				ProcessInitializeOnLoadMethodAttributes (62ms)
				AfterProcessingInitializeOnLoad (0ms)
				EditorAssembliesLoaded (0ms)
			ExecutionOrderSort2 (0ms)
			AwakeInstancesAfterBackupRestoration (0ms)
Platform modules already initialized, skipping
Registering precompiled user dll's ...
Registered in 0.009781 seconds.
Begin MonoManager ReloadAssembly
Symbol file LoadedFromMemory doesn't match image C:\Datos\Universidad\1er Año\1er Semestre\Programación\Proyectos Unity\Gwent Dovah Edition - Project\Library\PackageCache\com.unity.visualscripting@1.8.0\Editor\VisualScripting.Core\Dependencies\DotNetZip\Unity.VisualScripting.IonicZip.dll
Symbol file LoadedFromMemory doesn't match image C:\Datos\Universidad\1er Año\1er Semestre\Programación\Proyectos Unity\Gwent Dovah Edition - Project\Library\PackageCache\com.unity.visualscripting@1.8.0\Editor\VisualScripting.Core\Dependencies\YamlDotNet\Unity.VisualScripting.YamlDotNet.dll
Native extension for WindowsStandalone target not found
Refreshing native plugins compatible for Editor in 65.02 ms, found 4 plugins.
Preloading 0 native plugins for Editor in 0.00 ms.
Mono: successfully reloaded assembly
- Completed reload, in  1.032 seconds
Domain Reload Profiling:
	ReloadAssembly (1033ms)
		BeginReloadAssembly (88ms)
			ExecutionOrderSort (0ms)
			DisableScriptedObjects (4ms)
			BackupInstance (0ms)
			ReleaseScriptingObjects (0ms)
			CreateAndSetChildDomain (16ms)
		EndReloadAssembly (857ms)
			LoadAssemblies (159ms)
			RebuildTransferFunctionScriptingTraits (0ms)
			SetupTypeCache (171ms)
			ReleaseScriptCaches (0ms)
			RebuildScriptCaches (40ms)
			SetupLoadedEditorAssemblies (466ms)
				LogAssemblyErrors (0ms)
				InitializePlatformSupportModulesInManaged (3ms)
				SetLoadedEditorAssemblies (0ms)
				RefreshPlugins (65ms)
				BeforeProcessingInitializeOnLoad (80ms)
				ProcessInitializeOnLoadAttributes (230ms)
				ProcessInitializeOnLoadMethodAttributes (83ms)
				AfterProcessingInitializeOnLoad (3ms)
				EditorAssembliesLoaded (0ms)
			ExecutionOrderSort2 (0ms)
			AwakeInstancesAfterBackupRestoration (4ms)
Platform modules already initialized, skipping
========================================================================
Worker process is ready to serve import requests
Launched and connected shader compiler UnityShaderCompiler.exe after 0.05 seconds
Refreshing native plugins compatible for Editor in 0.66 ms, found 4 plugins.
Preloading 0 native plugins for Editor in 0.00 ms.
Unloading 4619 Unused Serialized files (Serialized files now loaded: 0)
Unloading 65 unused Assets / (57.6 KB). Loaded Objects now: 5058.
Memory consumption went from 174.0 MB to 173.9 MB.
Total: 5.390100 ms (FindLiveObjects: 0.216600 ms CreateObjectMapping: 0.100100 ms MarkObjects: 4.920000 ms  DeleteObjects: 0.152000 ms)

AssetImportParameters requested are different than current active one (requested -> active):
  custom:video-decoder-ogg-theora: a1e56fd34408186e4bbccfd4996cb3dc -> 
  custom:container-muxer-webm: aa71ff27fc2769a1b78a27578f13a17b -> 
  custom:container-demuxer-webm: 4f35f7cbe854078d1ac9338744f61a02 -> 
  custom:video-encoder-webm-vp8: eb34c28f22e8b96e1ab97ce403110664 -> 
  custom:video-codec-MediaFoundation-h265: 746d11721c4dcdbdad8f713fa42b33f4 -> 
  custom:audio-encoder-webm-vorbis: bf7c407c2cedff20999df2af8eb42d56 -> 
  custom:framework-win-MediaFoundation: 216162199b28c13a410421893ffa2e32 -> 
  custom:container-demuxer-ogg: 62fdf1f143b41e24485cea50d1cbac27 -> 
  custom:video-decoder-webm-vp8: 9c59270c3fd7afecdb556c50c9e8de78 -> 
  custom:audio-decoder-ogg-vorbis: bf7c407c2cedff20999df2af8eb42d56 -> 
========================================================================
Received Import Request.
  Time since last request: 893351.633179 seconds.
  path: Assets/Prefabs/Deck Nordic/ArquerosNieveCardNordic.prefab
  artifactKey: Guid(9367ff36337e4d64cbbe832399ac22b2) Importer(815301076,1909f56bfc062723c751e8b465ee728b)
Start importing Assets/Prefabs/Deck Nordic/ArquerosNieveCardNordic.prefab using Guid(9367ff36337e4d64cbbe832399ac22b2) Importer(815301076,1909f56bfc062723c751e8b465ee728b)  -> (artifact id: 'b070c998c5556b8354afb371824a400a') in 0.235378 seconds 
========================================================================
Received Import Request.
  Time since last request: 0.000124 seconds.
  path: Assets/Prefabs/Deck Nordic/TrollEscarchaCardNordic.prefab
  artifactKey: Guid(c31fe4da161e4224f8f4afa14872c7ca) Importer(815301076,1909f56bfc062723c751e8b465ee728b)
Start importing Assets/Prefabs/Deck Nordic/TrollEscarchaCardNordic.prefab using Guid(c31fe4da161e4224f8f4afa14872c7ca) Importer(815301076,1909f56bfc062723c751e8b465ee728b)  -> (artifact id: '3d052473a9f61837f59bdb48c15172de') in 0.026937 seconds 
========================================================================
Received Import Request.
  Time since last request: 0.000042 seconds.
  path: Assets/Prefabs/Deck Nordic/LicántropoCardNordic.prefab
  artifactKey: Guid(c068ae58ea9272f4bac6f7b1ff58c390) Importer(815301076,1909f56bfc062723c751e8b465ee728b)
Start importing Assets/Prefabs/Deck Nordic/LicántropoCardNordic.prefab using Guid(c068ae58ea9272f4bac6f7b1ff58c390) Importer(815301076,1909f56bfc062723c751e8b465ee728b)  -> (artifact id: '6d0ffcf15bdacb40483423e795d72dfe') in 0.043732 seconds 
========================================================================
Received Import Request.
  Time since last request: 16.295739 seconds.
  path: Assets/Prefabs/ExampleCard.prefab
  artifactKey: Guid(fe1cd019c7e0e734fb56502dd5e1ebb5) Importer(815301076,1909f56bfc062723c751e8b465ee728b)
Start importing Assets/Prefabs/ExampleCard.prefab using Guid(fe1cd019c7e0e734fb56502dd5e1ebb5) Importer(815301076,1909f56bfc062723c751e8b465ee728b)  -> (artifact id: '1040196b2ea623f3023e112103c86c0f') in 0.029674 seconds 
========================================================================
Received Import Request.
  Time since last request: 1.285465 seconds.
  path: Assets/Prefabs/Deck Elfic/AnastarianCardElfic.prefab
  artifactKey: Guid(e05e848e6fc771940a51956c5fb11a29) Importer(815301076,1909f56bfc062723c751e8b465ee728b)
Start importing Assets/Prefabs/Deck Elfic/AnastarianCardElfic.prefab using Guid(e05e848e6fc771940a51956c5fb11a29) Importer(815301076,1909f56bfc062723c751e8b465ee728b)  -> (artifact id: 'd5d9cd8cbef78cb1f4511d03ec3ec2e4') in 0.078256 seconds 
========================================================================
Received Import Request.
  Time since last request: 0.000036 seconds.
  path: Assets/Prefabs/Deck Elfic/DespejeCardElfic.prefab
  artifactKey: Guid(73a9beebd2f9aae4d85d8a8ea465b0f3) Importer(815301076,1909f56bfc062723c751e8b465ee728b)
Start importing Assets/Prefabs/Deck Elfic/DespejeCardElfic.prefab using Guid(73a9beebd2f9aae4d85d8a8ea465b0f3) Importer(815301076,1909f56bfc062723c751e8b465ee728b)  -> (artifact id: 'b24a61e4f648fa3f5f936e92eaea3019') in 0.064956 seconds 
========================================================================
Received Import Request.
  Time since last request: 0.000053 seconds.
  path: Assets/Prefabs/Deck Elfic/SeñueloCardElfic.prefab
  artifactKey: Guid(a4e3c8d94ec12ce48bf3b591c3e5fa30) Importer(815301076,1909f56bfc062723c751e8b465ee728b)
Start importing Assets/Prefabs/Deck Elfic/SeñueloCardElfic.prefab using Guid(a4e3c8d94ec12ce48bf3b591c3e5fa30) Importer(815301076,1909f56bfc062723c751e8b465ee728b)  -> (artifact id: '77e4304f8075d96e3cda320b6048b46b') in 0.058302 seconds 
========================================================================
Received Import Request.
  Time since last request: 0.000033 seconds.
  path: Assets/Prefabs/Deck Elfic/DestrucciónCardElfic.prefab
  artifactKey: Guid(120038ec51a45b64fa62b1270008381d) Importer(815301076,1909f56bfc062723c751e8b465ee728b)
Start importing Assets/Prefabs/Deck Elfic/DestrucciónCardElfic.prefab using Guid(120038ec51a45b64fa62b1270008381d) Importer(815301076,1909f56bfc062723c751e8b465ee728b)  -> (artifact id: '80d75221c5c22891a73148b95a56020f') in 0.056556 seconds 
========================================================================
Received Import Request.
  Time since last request: 0.000022 seconds.
  path: Assets/Prefabs/Deck Elfic/NieblaCardElfic.prefab
  artifactKey: Guid(a46a383ba78fc28459357e1688927d10) Importer(815301076,1909f56bfc062723c751e8b465ee728b)
Start importing Assets/Prefabs/Deck Elfic/NieblaCardElfic.prefab using Guid(a46a383ba78fc28459357e1688927d10) Importer(815301076,1909f56bfc062723c751e8b465ee728b)  -> (artifact id: '2e71e6b26b77a14f600016757c0988d6') in 0.032612 seconds 
========================================================================
Received Import Request.
  Time since last request: 16.952166 seconds.
  path: Assets/Prefabs/Deck Elfic/AnastarianCardElfic.prefab
  artifactKey: Guid(e05e848e6fc771940a51956c5fb11a29) Importer(815301076,1909f56bfc062723c751e8b465ee728b)
Start importing Assets/Prefabs/Deck Elfic/AnastarianCardElfic.prefab using Guid(e05e848e6fc771940a51956c5fb11a29) Importer(815301076,1909f56bfc062723c751e8b465ee728b)  -> (artifact id: '25c45ae57bd165552999b70a2c184aa9') in 0.028579 seconds 
========================================================================
Received Import Request.
  Time since last request: 0.000049 seconds.
  path: Assets/Prefabs/Deck Elfic/MagosCardElfic.prefab
  artifactKey: Guid(47b71be4d56a38a42beccdf2d311d714) Importer(815301076,1909f56bfc062723c751e8b465ee728b)
Start importing Assets/Prefabs/Deck Elfic/MagosCardElfic.prefab using Guid(47b71be4d56a38a42beccdf2d311d714) Importer(815301076,1909f56bfc062723c751e8b465ee728b)  -> (artifact id: 'db8a65340bfd9dc7e314f4a4e2e856c5') in 0.025173 seconds 
========================================================================
Received Import Request.
  Time since last request: 0.000033 seconds.
  path: Assets/Prefabs/Deck Elfic/MamutCardElfic.prefab
  artifactKey: Guid(5122d5b6e8f6fa146a974522cd867649) Importer(815301076,1909f56bfc062723c751e8b465ee728b)
Start importing Assets/Prefabs/Deck Elfic/MamutCardElfic.prefab using Guid(5122d5b6e8f6fa146a974522cd867649) Importer(815301076,1909f56bfc062723c751e8b465ee728b)  -> (artifact id: '07f5abace9163f0a8b29c3bb28cf756b') in 0.031561 seconds 
========================================================================
Received Import Request.
  Time since last request: 0.000074 seconds.
  path: Assets/Prefabs/Deck Elfic/FarmerCardElfic.prefab
  artifactKey: Guid(e8f93f95bf80a0b48abf57dc93b9cced) Importer(815301076,1909f56bfc062723c751e8b465ee728b)
Start importing Assets/Prefabs/Deck Elfic/FarmerCardElfic.prefab using Guid(e8f93f95bf80a0b48abf57dc93b9cced) Importer(815301076,1909f56bfc062723c751e8b465ee728b)  -> (artifact id: '0353d8b56de49144c30e50359a6eb062') in 0.033162 seconds 
Editor requested this worker to shutdown with reason: Scaling down because of idle timeout
AssetImportWorker is now disconnected from the server
Process exiting
Exiting without the bug reporter. Application will terminate with return code 0